<?xml version="1.0" encoding="UTF-8"?>
<!-- Generated by org.testng.reporters.JUnitReportReporter -->
<testsuite skipped="0" hostname="DESKTOP-AUGHFJE" name="com.vtiger.test.LeadTest" tests="1" failures="0" timestamp="27 Aug 2022 15:28:57 GMT" time="50.024" errors="0">
  <testcase name="verify_leadcreation_with_mandatory_fields_TC03" time="50.024" classname="com.vtiger.test.LeadTest"/>
</testsuite> <!-- com.vtiger.test.LeadTest -->
