<?xml version="1.0" encoding="UTF-8"?>
<!-- Generated by org.testng.reporters.JUnitReportReporter -->
<testsuite skipped="0" hostname="DESKTOP-AUGHFJE" name="com.vtiger.test.LoginTest" tests="2" failures="0" timestamp="28 Aug 2022 05:32:04 GMT" time="4.315" errors="0">
  <testcase name="verify_login_with_invalid_credentials_TC01" time="2.029" classname="com.vtiger.test.LoginTest"/>
  <testcase name="verify_login_with_valid_credentials_TC02" time="2.286" classname="com.vtiger.test.LoginTest"/>
</testsuite> <!-- com.vtiger.test.LoginTest -->
