<?xml version="1.0" encoding="UTF-8"?>
<!-- Generated by org.testng.reporters.JUnitReportReporter -->
<testsuite skipped="0" hostname="DESKTOP-AUGHFJE" name="com.vtiger.test.E2ETest" tests="1" failures="0" timestamp="27 Aug 2022 17:08:52 GMT" time="48.720" errors="0">
  <testcase name="verify_accountcreation_with_mandatory_fields_TC04" time="48.720" classname="com.vtiger.test.E2ETest"/>
</testsuite> <!-- com.vtiger.test.E2ETest -->
